mode: set
github.com/walidBarakehe/travel-routes/airport_service.go:19.76,24.2 1 0
github.com/walidBarakehe/travel-routes/airport_service.go:27.82,34.16 6 0
github.com/walidBarakehe/travel-routes/airport_service.go:34.16,36.3 1 0
github.com/walidBarakehe/travel-routes/airport_service.go:37.2,40.16 3 0
github.com/walidBarakehe/travel-routes/airport_service.go:40.16,42.3 1 0
github.com/walidBarakehe/travel-routes/airport_service.go:44.2,45.59 2 0
github.com/walidBarakehe/travel-routes/airport_service.go:45.59,47.3 1 0
github.com/walidBarakehe/travel-routes/airport_service.go:49.2,49.65 1 0
github.com/walidBarakehe/travel-routes/airport_service.go:49.65,51.3 1 0
github.com/walidBarakehe/travel-routes/airport_service.go:53.2,57.53 3 0
github.com/walidBarakehe/travel-routes/airport_service.go:57.53,58.49 1 0
github.com/walidBarakehe/travel-routes/airport_service.go:58.49,59.34 1 0
github.com/walidBarakehe/travel-routes/airport_service.go:59.34,61.10 2 0
github.com/walidBarakehe/travel-routes/airport_service.go:66.2,72.8 1 0
github.com/walidBarakehe/travel-routes/airport_service.go:76.86,78.16 2 0
github.com/walidBarakehe/travel-routes/airport_service.go:78.16,80.3 1 0
github.com/walidBarakehe/travel-routes/airport_service.go:82.2,83.35 2 0
github.com/walidBarakehe/travel-routes/airport_service.go:83.35,86.40 2 0
github.com/walidBarakehe/travel-routes/airport_service.go:86.40,91.4 1 0
github.com/walidBarakehe/travel-routes/airport_service.go:95.2,95.52 1 0
github.com/walidBarakehe/travel-routes/airport_service.go:95.52,97.3 1 0
github.com/walidBarakehe/travel-routes/airport_service.go:100.2,102.42 3 0
github.com/walidBarakehe/travel-routes/airport_service.go:102.42,104.3 1 0
github.com/walidBarakehe/travel-routes/airport_service.go:106.2,106.35 1 0
github.com/walidBarakehe/travel-routes/airport_service.go:106.35,108.3 1 0
github.com/walidBarakehe/travel-routes/airport_service.go:110.2,111.33 2 0
github.com/walidBarakehe/travel-routes/airport_service.go:111.33,112.33 1 0
github.com/walidBarakehe/travel-routes/airport_service.go:112.33,114.4 1 0
github.com/walidBarakehe/travel-routes/airport_service.go:117.2,117.20 1 0
github.com/walidBarakehe/travel-routes/airport_service.go:121.101,130.16 8 0
github.com/walidBarakehe/travel-routes/airport_service.go:130.16,132.3 1 0
github.com/walidBarakehe/travel-routes/airport_service.go:133.2,136.16 3 0
github.com/walidBarakehe/travel-routes/airport_service.go:136.16,138.3 1 0
github.com/walidBarakehe/travel-routes/airport_service.go:140.2,141.58 2 0
github.com/walidBarakehe/travel-routes/airport_service.go:141.58,143.3 1 0
github.com/walidBarakehe/travel-routes/airport_service.go:145.2,145.31 1 0
github.com/walidBarakehe/travel-routes/airport_service.go:145.31,148.3 2 0
github.com/walidBarakehe/travel-routes/airport_service.go:150.2,151.43 2 0
github.com/walidBarakehe/travel-routes/airport_service.go:151.43,163.3 3 0
github.com/walidBarakehe/travel-routes/airport_service.go:165.2,165.22 1 0
github.com/walidBarakehe/travel-routes/config.go:18.26,20.51 2 1
github.com/walidBarakehe/travel-routes/config.go:20.51,21.46 1 1
github.com/walidBarakehe/travel-routes/config.go:21.46,23.4 1 1
github.com/walidBarakehe/travel-routes/config.go:26.2,27.49 2 1
github.com/walidBarakehe/travel-routes/config.go:27.49,28.46 1 0
github.com/walidBarakehe/travel-routes/config.go:28.46,30.4 1 0
github.com/walidBarakehe/travel-routes/config.go:33.2,34.49 2 1
github.com/walidBarakehe/travel-routes/config.go:34.49,35.56 1 0
github.com/walidBarakehe/travel-routes/config.go:35.56,37.4 1 0
github.com/walidBarakehe/travel-routes/config.go:40.2,47.3 1 1
github.com/walidBarakehe/travel-routes/flight_service.go:15.74,20.2 1 0
github.com/walidBarakehe/travel-routes/flight_service.go:23.102,25.52 1 0
github.com/walidBarakehe/travel-routes/flight_service.go:25.52,27.3 1 0
github.com/walidBarakehe/travel-routes/flight_service.go:30.2,42.39 2 0
github.com/walidBarakehe/travel-routes/flight_service.go:46.111,52.35 3 0
github.com/walidBarakehe/travel-routes/flight_service.go:52.35,54.17 2 0
github.com/walidBarakehe/travel-routes/flight_service.go:54.17,56.4 1 0
github.com/walidBarakehe/travel-routes/flight_service.go:59.2,59.20 1 0
github.com/walidBarakehe/travel-routes/flight_service.go:62.125,102.2 6 0
github.com/walidBarakehe/travel-routes/flight_service.go:104.79,113.2 2 0
github.com/walidBarakehe/travel-routes/flight_service.go:115.90,119.31 2 0
github.com/walidBarakehe/travel-routes/flight_service.go:119.31,121.3 1 0
github.com/walidBarakehe/travel-routes/flight_service.go:124.2,124.44 1 0
github.com/walidBarakehe/travel-routes/flight_service.go:124.44,126.3 1 0
github.com/walidBarakehe/travel-routes/flight_service.go:128.2,128.18 1 0
github.com/walidBarakehe/travel-routes/handlers.go:10.84,15.56 4 0
github.com/walidBarakehe/travel-routes/handlers.go:15.56,18.3 2 0
github.com/walidBarakehe/travel-routes/handlers.go:20.2,21.16 2 0
github.com/walidBarakehe/travel-routes/handlers.go:21.16,24.3 2 0
github.com/walidBarakehe/travel-routes/handlers.go:26.2,27.16 2 0
github.com/walidBarakehe/travel-routes/handlers.go:27.16,30.3 2 0
github.com/walidBarakehe/travel-routes/handlers.go:32.2,33.35 2 0
github.com/walidBarakehe/travel-routes/handlers.go:37.86,41.20 3 0
github.com/walidBarakehe/travel-routes/handlers.go:41.20,44.3 2 0
github.com/walidBarakehe/travel-routes/handlers.go:46.2,47.21 2 0
github.com/walidBarakehe/travel-routes/handlers.go:47.21,48.53 1 0
github.com/walidBarakehe/travel-routes/handlers.go:48.53,50.4 1 0
github.com/walidBarakehe/travel-routes/handlers.go:53.2,54.16 2 0
github.com/walidBarakehe/travel-routes/handlers.go:54.16,57.3 2 0
github.com/walidBarakehe/travel-routes/handlers.go:59.2,60.16 2 0
github.com/walidBarakehe/travel-routes/handlers.go:60.16,63.3 2 0
github.com/walidBarakehe/travel-routes/handlers.go:65.2,66.37 2 0
github.com/walidBarakehe/travel-routes/handlers.go:69.38,73.2 3 0
github.com/walidBarakehe/travel-routes/main.go:12.13,13.40 1 0
github.com/walidBarakehe/travel-routes/main.go:13.40,15.3 1 0
github.com/walidBarakehe/travel-routes/main.go:18.2,26.74 5 0
github.com/walidBarakehe/travel-routes/main.go:26.74,29.3 2 0
github.com/walidBarakehe/travel-routes/main.go:32.2,37.16 5 0
github.com/walidBarakehe/travel-routes/main.go:37.16,39.3 1 0
github.com/walidBarakehe/travel-routes/main.go:39.8,41.3 1 0
github.com/walidBarakehe/travel-routes/main.go:44.2,45.16 2 0
github.com/walidBarakehe/travel-routes/main.go:45.16,47.3 1 0
github.com/walidBarakehe/travel-routes/main.go:49.2,55.47 6 0
github.com/walidBarakehe/travel-routes/transport_service.go:18.80,23.2 1 0
github.com/walidBarakehe/travel-routes/transport_service.go:26.108,29.16 2 0
github.com/walidBarakehe/travel-routes/transport_service.go:29.16,31.3 1 0
github.com/walidBarakehe/travel-routes/transport_service.go:34.2,34.43 1 0
github.com/walidBarakehe/travel-routes/transport_service.go:37.106,47.16 9 0
github.com/walidBarakehe/travel-routes/transport_service.go:47.16,49.3 1 0
github.com/walidBarakehe/travel-routes/transport_service.go:50.2,53.16 3 0
github.com/walidBarakehe/travel-routes/transport_service.go:53.16,55.3 1 0
github.com/walidBarakehe/travel-routes/transport_service.go:57.2,58.62 2 0
github.com/walidBarakehe/travel-routes/transport_service.go:58.62,60.3 1 0
github.com/walidBarakehe/travel-routes/transport_service.go:62.2,62.113 1 0
github.com/walidBarakehe/travel-routes/transport_service.go:62.113,64.3 1 0
github.com/walidBarakehe/travel-routes/transport_service.go:66.2,80.8 4 0
github.com/walidBarakehe/travel-routes/transport_service.go:83.105,99.2 4 0
github.com/walidBarakehe/travel-routes/transport_service.go:101.93,104.14 2 0
github.com/walidBarakehe/travel-routes/transport_service.go:105.37,108.23 2 0
github.com/walidBarakehe/travel-routes/transport_service.go:108.23,110.4 1 0
github.com/walidBarakehe/travel-routes/transport_service.go:110.9,110.30 1 0
github.com/walidBarakehe/travel-routes/transport_service.go:110.30,112.4 1 0
github.com/walidBarakehe/travel-routes/transport_service.go:112.9,114.4 1 0
github.com/walidBarakehe/travel-routes/transport_service.go:115.14,118.39 2 0
github.com/walidBarakehe/travel-routes/transport_service.go:119.10,120.26 1 0
github.com/walidBarakehe/travel-routes/travel_finder.go:21.51,31.2 2 0
github.com/walidBarakehe/travel-routes/travel_finder.go:34.103,39.16 3 0
github.com/walidBarakehe/travel-routes/travel_finder.go:39.16,41.3 1 0
github.com/walidBarakehe/travel-routes/travel_finder.go:44.2,45.16 2 0
github.com/walidBarakehe/travel-routes/travel_finder.go:45.16,47.3 1 0
github.com/walidBarakehe/travel-routes/travel_finder.go:50.2,51.42 2 0
github.com/walidBarakehe/travel-routes/travel_finder.go:51.42,53.3 1 0
github.com/walidBarakehe/travel-routes/travel_finder.go:54.2,58.16 3 0
github.com/walidBarakehe/travel-routes/travel_finder.go:58.16,60.3 1 0
github.com/walidBarakehe/travel-routes/travel_finder.go:63.2,63.44 1 0
github.com/walidBarakehe/travel-routes/travel_finder.go:63.44,66.17 2 0
github.com/walidBarakehe/travel-routes/travel_finder.go:66.17,67.12 1 0
github.com/walidBarakehe/travel-routes/travel_finder.go:71.3,72.17 2 0
github.com/walidBarakehe/travel-routes/travel_finder.go:72.17,73.41 1 0
github.com/walidBarakehe/travel-routes/travel_finder.go:73.41,80.5 3 0
github.com/walidBarakehe/travel-routes/travel_finder.go:84.3,85.17 2 0
github.com/walidBarakehe/travel-routes/travel_finder.go:85.17,86.53 1 0
github.com/walidBarakehe/travel-routes/travel_finder.go:86.53,93.5 3 0
github.com/walidBarakehe/travel-routes/travel_finder.go:98.2,98.41 1 0
github.com/walidBarakehe/travel-routes/travel_finder.go:98.41,100.3 1 0
github.com/walidBarakehe/travel-routes/travel_finder.go:102.2,102.20 1 0
github.com/walidBarakehe/travel-routes/utils.go:10.64,30.2 10 1
github.com/walidBarakehe/travel-routes/utils.go:33.49,35.78 1 1
github.com/walidBarakehe/travel-routes/utils.go:35.78,38.20 3 1
github.com/walidBarakehe/travel-routes/utils.go:38.20,40.70 2 1
github.com/walidBarakehe/travel-routes/utils.go:40.70,42.5 1 1
github.com/walidBarakehe/travel-routes/utils.go:47.2,50.75 2 1
github.com/walidBarakehe/travel-routes/utils.go:50.75,52.3 1 1
github.com/walidBarakehe/travel-routes/utils.go:53.2,53.78 1 1
github.com/walidBarakehe/travel-routes/utils.go:53.78,55.3 1 1
github.com/walidBarakehe/travel-routes/utils.go:56.2,56.75 1 1
github.com/walidBarakehe/travel-routes/utils.go:56.75,58.3 1 1
github.com/walidBarakehe/travel-routes/utils.go:59.2,59.76 1 1
github.com/walidBarakehe/travel-routes/utils.go:59.76,61.3 1 1
github.com/walidBarakehe/travel-routes/utils.go:62.2,62.40 1 1
github.com/walidBarakehe/travel-routes/utils.go:62.40,64.3 1 1
github.com/walidBarakehe/travel-routes/utils.go:65.2,65.38 1 1
github.com/walidBarakehe/travel-routes/utils.go:65.38,67.3 1 1
github.com/walidBarakehe/travel-routes/utils.go:68.2,68.39 1 1
github.com/walidBarakehe/travel-routes/utils.go:68.39,70.3 1 1
github.com/walidBarakehe/travel-routes/utils.go:71.2,71.80 1 1
github.com/walidBarakehe/travel-routes/utils.go:71.80,73.3 1 1
github.com/walidBarakehe/travel-routes/utils.go:75.2,75.11 1 1
github.com/walidBarakehe/travel-routes/utils.go:79.34,81.31 2 1
github.com/walidBarakehe/travel-routes/utils.go:81.31,88.42 6 1
github.com/walidBarakehe/travel-routes/utils.go:88.42,91.4 2 1
github.com/walidBarakehe/travel-routes/utils.go:92.3,92.16 1 1
github.com/walidBarakehe/travel-routes/utils.go:97.35,101.26 3 1
github.com/walidBarakehe/travel-routes/utils.go:101.26,103.3 1 1
github.com/walidBarakehe/travel-routes/utils.go:105.2,110.37 5 1
github.com/walidBarakehe/travel-routes/utils.go:110.37,113.3 2 1
github.com/walidBarakehe/travel-routes/utils.go:115.2,115.53 1 1
